<?xml version="1.0" encoding="UTF-8"?>
<!-- Generated by org.testng.reporters.JUnitReportReporter -->
<testsuite hostname="nitish" name="Generic_Component.Pract" tests="1" failures="0" timestamp="2 Dec 2018 08:01:19 GMT" time="36.966" errors="0">
  <testcase name="Prcdemo" time="36.966" classname="Generic_Component.Pract"/>
</testsuite> <!-- Generic_Component.Pract -->
