<?xml version="1.0" encoding="UTF-8"?>
<!-- Generated by org.testng.reporters.JUnitReportReporter -->
<testsuite hostname="nitish" name="Scenario_component.TC_001Login" tests="1" failures="0" timestamp="4 Dec 2018 17:28:06 GMT" time="21.211" errors="0">
  <testcase name="test_case1" time="21.211" classname="Scenario_component.TC_001Login"/>
</testsuite> <!-- Scenario_component.TC_001Login -->
