<?xml version="1.0" encoding="UTF-8"?>
<!-- Generated by org.testng.reporters.JUnitReportReporter -->
<testsuite hostname="nitish" name="Generic_Component.rough" tests="1" failures="0" timestamp="22 Feb 2018 18:06:59 GMT" time="24.904" errors="0">
  <testcase name="test" time="24.904" classname="Generic_Component.rough"/>
</testsuite> <!-- Generic_Component.rough -->
