<?xml version="1.0" encoding="UTF-8"?>
<!-- Generated by org.testng.reporters.JUnitReportReporter -->
<testsuite hostname="nitish" name="Scenario_component.TC_CompanyProfile002" tests="1" failures="0" timestamp="19 Dec 2017 17:41:21 GMT" time="0.035" errors="0">
  <testcase name="open_CompanyProfileAS" time="0.035" classname="Scenario_component.TC_CompanyProfile002"/>
</testsuite> <!-- Scenario_component.TC_CompanyProfile002 -->
