<?xml version="1.0" encoding="UTF-8"?>
<!-- Generated by org.testng.reporters.JUnitReportReporter -->
<testsuite hostname="nitish" name="Scenario_component.TC_003AccountType" tests="7" failures="0" timestamp="6 Dec 2018 16:37:00 GMT" time="16.762" errors="0">
  <testcase name="Name_AccountType" time="0.234" classname="Scenario_component.TC_003AccountType"/>
  <testcase name="ClickSave" time="0.336" classname="Scenario_component.TC_003AccountType"/>
  <testcase name="Edit_Group" time="2.914" classname="Scenario_component.TC_003AccountType"/>
  <testcase name="open_AccountType" time="9.399" classname="Scenario_component.TC_003AccountType"/>
  <testcase name="code_AccountType" time="1.271" classname="Scenario_component.TC_003AccountType"/>
  <testcase name="clickOnCreatebutton" time="0.360" classname="Scenario_component.TC_003AccountType"/>
  <testcase name="Delete_Group" time="2.248" classname="Scenario_component.TC_003AccountType"/>
</testsuite> <!-- Scenario_component.TC_003AccountType -->
