<?xml version="1.0" encoding="UTF-8"?>
<!-- Generated by org.testng.reporters.JUnitReportReporter -->
<testsuite hostname="nitish" name="Generic_Component.Pract" tests="1" failures="0" timestamp="8 Dec 2018 18:34:46 GMT" time="34.628" errors="0">
  <testcase name="Prcdemo" time="34.628" classname="Generic_Component.Pract"/>
</testsuite> <!-- Generic_Component.Pract -->
