<?xml version="1.0" encoding="UTF-8"?>
<!-- Generated by org.testng.reporters.JUnitReportReporter -->
<testsuite hostname="nitish" name="Scenario_component.TC_001Login" tests="1" failures="0" timestamp="26 Nov 2018 17:20:31 GMT" time="22.132" errors="0">
  <testcase name="test_case1" time="22.132" classname="Scenario_component.TC_001Login"/>
</testsuite> <!-- Scenario_component.TC_001Login -->
