<?xml version="1.0" encoding="UTF-8"?>
<!-- Generated by org.testng.reporters.JUnitReportReporter -->
<testsuite hostname="nitish" name="Scenario_component.TC_Login001" tests="1" failures="0" timestamp="19 Dec 2017 17:06:43 GMT" time="43.912" errors="0">
  <testcase name="test_case1" time="43.912" classname="Scenario_component.TC_Login001"/>
</testsuite> <!-- Scenario_component.TC_Login001 -->
