<?xml version="1.0" encoding="UTF-8"?>
<!-- Generated by org.testng.reporters.JUnitReportReporter -->
<testsuite hostname="nitish" name="Scenario_component.TC_003AccountType" tests="5" failures="0" timestamp="8 Dec 2018 09:57:52 GMT" time="19.035" errors="0">
  <testcase name="CreateGroupRecord" time="10.253" classname="Scenario_component.TC_003AccountType"/>
  <testcase name="open_AccountType" time="1.090" classname="Scenario_component.TC_003AccountType"/>
  <testcase name="EditGroupRecord" time="2.254" classname="Scenario_component.TC_003AccountType"/>
  <testcase name="DeleteGroupRecord" time="2.063" classname="Scenario_component.TC_003AccountType"/>
  <testcase name="CopyFromMaster" time="3.375" classname="Scenario_component.TC_003AccountType"/>
</testsuite> <!-- Scenario_component.TC_003AccountType -->
