<?xml version="1.0" encoding="UTF-8"?>
<!-- Generated by org.testng.reporters.JUnitReportReporter -->
<testsuite hostname="nitish" name="Generic_Component.Pract" tests="1" failures="0" timestamp="8 Dec 2018 10:35:10 GMT" time="30.168" errors="0">
  <testcase name="Prcdemo" time="30.168" classname="Generic_Component.Pract"/>
</testsuite> <!-- Generic_Component.Pract -->
